<?xml version="1.0" encoding="UTF-8"?>
<!-- Generated by org.testng.reporters.JUnitXMLReporter -->
<testsuite ignored="0" hostname="LXR1850" failures="1" tests="2" name="Banking App(failed)" time="19.653" errors="0" timestamp="2021-08-17T11:34:14 EDT">
  <testcase classname="com.qa.iNetBanking.testCases.TC_LoginPage_001" name="LoginTest" time="0.618"/>
  <testcase classname="com.qa.iNetBanking.testCases.TC_AddCustomerTest_003" name="addNewCustomer" time="13.074">
    <failure type="java.lang.AssertionError" message="expected [true] but found [false]">
      <![CDATA[java.lang.AssertionError: expected [true] but found [false]
at com.qa.iNetBanking.testCases.TC_AddCustomerTest_003.addNewCustomer(TC_AddCustomerTest_003.java:63)
at java.base/java.util.ArrayList.forEach(ArrayList.java:1511)
... Removed 31 stack frames]]>
    </failure>
  </testcase> <!-- addNewCustomer -->
</testsuite> <!-- Banking App(failed) -->
